<?xml version="1.0" encoding="UTF-8"?>
<!-- Generated by org.testng.reporters.JUnitReportReporter -->
<testsuite skipped="0" hostname="ADMINIB-KQTSD4R" name="example.NewTest" tests="1" failures="0" timestamp="11 Oct 2018 03:18:26 GMT" time="26.804" errors="0">
  <testcase name="testEasy" time="26.804" classname="example.NewTest"/>
</testsuite> <!-- example.NewTest -->
